<?xml version="1.0" encoding="UTF-8"?>
<testsuite name="| 1 | 429 |" tests="4" skipped="0" failures="2" errors="0" timestamp="2021-03-22T13:30:41" hostname="LAPTOP-22H5DBG7" time="2.204">
  <properties/>
  <testcase name="Given Rest API is up and running" classname="| 1 | 429 |" time="0.0"/>
  <testcase name="When I submit a bad request to Get a single employee data &quot;1&quot;" classname="| 1 | 429 |" time="0.0"/>
  <testcase name="Then validate &quot;429&quot;" classname="| 1 | 429 |" time="0.002">
    <failure message="org.junit.ComparisonFailure: expected:&lt;4[29]&gt; but was:&lt;4[04]&gt;" type="org.junit.ComparisonFailure">org.junit.ComparisonFailure: expected:&lt;4[29]&gt; but was:&lt;4[04]&gt;
	at org.junit.Assert.assertEquals(Assert.java:115)
	at org.junit.Assert.assertEquals(Assert.java:144)
	at com.bdd.smoke.test.steps.StepDefinition.validate(StepDefinition.java:76)
	at ✽.Then validate &quot;429&quot;(UserAPI.feature:34)
</failure>
  </testcase>
  <testcase name="classMethod" classname="| 1 | 429 |" time="2.216">
    <failure message="org.junit.ComparisonFailure: expected:&lt;4[29]&gt; but was:&lt;4[04]&gt;" type="org.junit.ComparisonFailure">org.junit.ComparisonFailure: expected:&lt;4[29]&gt; but was:&lt;4[04]&gt;
	at org.junit.Assert.assertEquals(Assert.java:115)
	at org.junit.Assert.assertEquals(Assert.java:144)
	at com.bdd.smoke.test.steps.StepDefinition.validate(StepDefinition.java:76)
	at ✽.Then validate &quot;429&quot;(UserAPI.feature:34)
</failure>
  </testcase>
  <system-out><![CDATA[]]></system-out>
  <system-err><![CDATA[]]></system-err>
</testsuite>
