<?xml version="1.0" encoding="UTF-8"?>
<testsuite name="| 200 |" tests="4" skipped="0" failures="2" errors="0" timestamp="2021-03-22T16:05:47" hostname="Rifatras-MacBook-Pro.local" time="0.91">
  <properties/>
  <testcase name="Given Rest API is up and running" classname="| 200 |" time="0.0"/>
  <testcase name="When I submit a request to Get all employee data endpoint" classname="| 200 |" time="0.0"/>
  <testcase name="Then validate &quot;200&quot;" classname="| 200 |" time="0.0">
    <failure message="org.junit.ComparisonFailure: expected:&lt;[200]&gt; but was:&lt;[429]&gt;" type="org.junit.ComparisonFailure">org.junit.ComparisonFailure: expected:&lt;[200]&gt; but was:&lt;[429]&gt;
	at org.junit.Assert.assertEquals(Assert.java:115)
	at org.junit.Assert.assertEquals(Assert.java:144)
	at com.bdd.smoke.test.steps.StepDefinition.validate(StepDefinition.java:82)
	at ✽.Then validate &quot;200&quot;(DummyAPI.feature:67)
</failure>
  </testcase>
  <testcase name="classMethod" classname="| 200 |" time="0.916">
    <failure message="org.junit.ComparisonFailure: expected:&lt;[200]&gt; but was:&lt;[429]&gt;" type="org.junit.ComparisonFailure">org.junit.ComparisonFailure: expected:&lt;[200]&gt; but was:&lt;[429]&gt;
	at org.junit.Assert.assertEquals(Assert.java:115)
	at org.junit.Assert.assertEquals(Assert.java:144)
	at com.bdd.smoke.test.steps.StepDefinition.validate(StepDefinition.java:82)
	at ✽.Then validate &quot;200&quot;(DummyAPI.feature:67)
</failure>
  </testcase>
  <system-out><![CDATA[]]></system-out>
  <system-err><![CDATA[]]></system-err>
</testsuite>
